d:\svn\4학기\3d 그래픽스 엔진 제작 assignment\solutions\송주홍\4q_personalengine\4q_gameengine\engine\x64\debug\engine.pch.h
d:\svn\4학기\3d 그래픽스 엔진 제작 assignment\solutions\송주홍\4q_personalengine\4q_gameengine\x64\debug\engine.pdb
d:\svn\4학기\3d 그래픽스 엔진 제작 assignment\solutions\송주홍\4q_personalengine\4q_gameengine\x64\debug\engine.idb
d:\svn\4학기\3d 그래픽스 엔진 제작 assignment\solutions\송주홍\4q_personalengine\4q_gameengine\engine\x64\debug\timemanager.obj
d:\svn\4학기\3d 그래픽스 엔진 제작 assignment\solutions\송주홍\4q_personalengine\4q_gameengine\engine\x64\debug\collisionsystem.obj
d:\svn\4학기\3d 그래픽스 엔진 제작 assignment\solutions\송주홍\4q_personalengine\4q_gameengine\engine\x64\debug\engine.obj
d:\svn\4학기\3d 그래픽스 엔진 제작 assignment\solutions\송주홍\4q_personalengine\4q_gameengine\engine\x64\debug\movementsystem.obj
d:\svn\4학기\3d 그래픽스 엔진 제작 assignment\solutions\송주홍\4q_personalengine\4q_gameengine\engine\x64\debug\playerinputsystem.obj
d:\svn\4학기\3d 그래픽스 엔진 제작 assignment\solutions\송주홍\4q_personalengine\4q_gameengine\engine\x64\debug\scriptsystem.obj
d:\svn\4학기\3d 그래픽스 엔진 제작 assignment\solutions\송주홍\4q_personalengine\4q_gameengine\engine\x64\debug\worldmanager.obj
d:\svn\4학기\3d 그래픽스 엔진 제작 assignment\solutions\송주홍\4q_personalengine\4q_gameengine\engine\x64\debug\engine.pch
d:\svn\4학기\3d 그래픽스 엔진 제작 assignment\solutions\송주홍\4q_personalengine\4q_gameengine\engine\x64\debug\pch.obj
d:\svn\4학기\3d 그래픽스 엔진 제작 assignment\solutions\송주홍\4q_personalengine\4q_gameengine\engine\x64\debug\vector3d.h.module.json
d:\svn\4학기\3d 그래픽스 엔진 제작 assignment\solutions\송주홍\4q_personalengine\4q_gameengine\engine\x64\debug\fsmsystem.obj
d:\svn\4학기\3d 그래픽스 엔진 제작 assignment\solutions\송주홍\4q_personalengine\4q_gameengine\engine\x64\debug\vector3d.h.obj
d:\svn\4학기\3d 그래픽스 엔진 제작 assignment\solutions\송주홍\4q_personalengine\4q_gameengine\engine\x64\debug\engine.tlog\cl.command.1.tlog
d:\svn\4학기\3d 그래픽스 엔진 제작 assignment\solutions\송주홍\4q_personalengine\4q_gameengine\engine\x64\debug\engine.tlog\microsoft.build.cpptasks.cl.read.1.tlog
d:\svn\4학기\3d 그래픽스 엔진 제작 assignment\solutions\송주홍\4q_personalengine\4q_gameengine\engine\x64\debug\engine.tlog\microsoft.build.cpptasks.cl.write.1.tlog
d:\svn\4학기\3d 그래픽스 엔진 제작 assignment\solutions\송주홍\4q_personalengine\4q_gameengine\engine\x64\debug\engine_md.tlog\cl.command.1.tlog
d:\svn\4학기\3d 그래픽스 엔진 제작 assignment\solutions\송주홍\4q_personalengine\4q_gameengine\engine\x64\debug\engine_md.tlog\microsoft.build.cpptasks.cl.read.1.tlog
d:\svn\4학기\3d 그래픽스 엔진 제작 assignment\solutions\송주홍\4q_personalengine\4q_gameengine\engine\x64\debug\engine_md.tlog\microsoft.build.cpptasks.cl.write.1.tlog
